<?xml version="1.0" encoding="UTF-8"?>
<!-- Generated by org.testng.reporters.JUnitReportReporter -->
<testsuite hostname="BHANU-LAPTOP" failures="0" tests="2" name="script.InvalidLogin2" time="33.659" errors="0" timestamp="21 Jun 2023 07:33:39 GMT" skipped="0">
  <testcase classname="script.InvalidLogin2" name="testInvalidLogin" time="15.787"/>
  <testcase classname="script.InvalidLogin2" name="testInvalidLogin" time="17.872"/>
</testsuite> <!-- script.InvalidLogin2 -->
