<?xml version="1.0" encoding="UTF-8"?>
<!-- Generated by org.testng.reporters.JUnitReportReporter -->
<testsuite hostname="BHANU-LAPTOP" failures="0" tests="1" name="script.ValidLogin" time="17.400" errors="0" timestamp="20 Jun 2023 07:25:15 GMT" skipped="0">
  <testcase classname="script.ValidLogin" name="testValidLogin" time="17.400"/>
</testsuite> <!-- script.ValidLogin -->
